Unity Editor version:    2021.3.12f1 (8af3c3e441b1)
Branch:                  2021.3/release
Build type:              Release
Batch mode:              YES
macOS version:           Version 12.1 (Build 21C52)
Darwin version:          21.2.0
Architecture:            arm64
Running under Rosetta:   NO
Available memory:        8192 MB
Using pre-set license
Pro License: YES

COMMAND LINE ARGUMENTS:
/Applications/Unity/Hub/Editor/2021.3.12f1/Unity.app/Contents/MacOS/Unity
-adb2
-batchMode
-noUpm
-name
AssetImportWorker1
-projectPath
/Users/matthewlampard/Desktop/Second Year/SE2250/ProjectGame
-logFile
Logs/AssetImportWorker1.log
-srvPort
61180
Successfully changed project path to: /Users/matthewlampard/Desktop/Second Year/SE2250/ProjectGame
/Users/matthewlampard/Desktop/Second Year/SE2250/ProjectGame
[UnityMemory] Configuration Parameters - Can be set up in boot.config
    "memorysetup-bucket-allocator-granularity=16"
    "memorysetup-bucket-allocator-bucket-count=8"
    "memorysetup-bucket-allocator-block-size=33554432"
    "memorysetup-bucket-allocator-block-count=8"
    "memorysetup-main-allocator-block-size=16777216"
    "memorysetup-thread-allocator-block-size=16777216"
    "memorysetup-gfx-main-allocator-block-size=16777216"
    "memorysetup-gfx-thread-allocator-block-size=16777216"
    "memorysetup-cache-allocator-block-size=4194304"
    "memorysetup-typetree-allocator-block-size=2097152"
    "memorysetup-profiler-bucket-allocator-granularity=16"
    "memorysetup-profiler-bucket-allocator-bucket-count=8"
    "memorysetup-profiler-bucket-allocator-block-size=33554432"
    "memorysetup-profiler-bucket-allocator-block-count=8"
    "memorysetup-profiler-allocator-block-size=16777216"
    "memorysetup-profiler-editor-allocator-block-size=1048576"
    "memorysetup-temp-allocator-size-main=16777216"
    "memorysetup-job-temp-allocator-block-size=2097152"
    "memorysetup-job-temp-allocator-block-size-background=1048576"
    "memorysetup-job-temp-allocator-reduction-small-platforms=262144"
    "memorysetup-temp-allocator-size-background-worker=32768"
    "memorysetup-temp-allocator-size-job-worker=262144"
    "memorysetup-temp-allocator-size-preload-manager=33554432"
    "memorysetup-temp-allocator-size-nav-mesh-worker=65536"
    "memorysetup-temp-allocator-size-audio-worker=65536"
    "memorysetup-temp-allocator-size-cloud-worker=32768"
    "memorysetup-temp-allocator-size-gi-baking-worker=262144"
    "memorysetup-temp-allocator-size-gfx=262144"
Refreshing native plugins compatible for Editor in 27.03 ms, found 2 plugins.
Preloading 0 native plugins for Editor in 0.00 ms.
Initialize engine version: 2021.3.12f1 (8af3c3e441b1)
[Subsystems] Discovering subsystems at path /Applications/Unity/Hub/Editor/2021.3.12f1/Unity.app/Contents/Resources/UnitySubsystems
[Subsystems] Discovering subsystems at path /Users/matthewlampard/Desktop/Second Year/SE2250/ProjectGame/Assets
GfxDevice: creating device client; threaded=0; jobified=0
 preferred device: Apple M1 (high power)
Metal devices available: 1
0: Apple M1 (high power)
Using device Apple M1 (high power)
Initializing Metal device caps: Apple M1
Initialize mono
Mono path[0] = '/Applications/Unity/Hub/Editor/2021.3.12f1/Unity.app/Contents/Managed'
Mono path[1] = '/Applications/Unity/Hub/Editor/2021.3.12f1/Unity.app/Contents/MonoBleedingEdge/lib/mono/unityjit-macos'
Mono config path = '/Applications/Unity/Hub/Editor/2021.3.12f1/Unity.app/Contents/MonoBleedingEdge/etc'
Using monoOptions --debugger-agent=transport=dt_socket,embedding=1,server=y,suspend=n,address=127.0.0.1:56275
Begin MonoManager ReloadAssembly
Registering precompiled unity dll's ...
Register platform support module: /Applications/Unity/Hub/Editor/2021.3.12f1/PlaybackEngines/WebGLSupport/UnityEditor.WebGL.Extensions.dll
Register platform support module: /Applications/Unity/Hub/Editor/2021.3.12f1/Unity.app/Contents/PlaybackEngines/MacStandaloneSupport/UnityEditor.OSXStandalone.Extensions.dll
Registered in 0.001720 seconds.
Native extension for OSXStandalone target not found
Native extension for WebGL target not found
Refreshing native plugins compatible for Editor in 26.11 ms, found 2 plugins.
Preloading 0 native plugins for Editor in 0.00 ms.
Mono: successfully reloaded assembly
- Completed reload, in  0.396 seconds
Domain Reload Profiling:
	ReloadAssembly (397ms)
		BeginReloadAssembly (74ms)
			ExecutionOrderSort (0ms)
			DisableScriptedObjects (0ms)
			BackupInstance (0ms)
			ReleaseScriptingObjects (0ms)
			CreateAndSetChildDomain (0ms)
		EndReloadAssembly (254ms)
			LoadAssemblies (74ms)
			RebuildTransferFunctionScriptingTraits (0ms)
			SetupTypeCache (70ms)
			ReleaseScriptCaches (0ms)
			RebuildScriptCaches (19ms)
			SetupLoadedEditorAssemblies (140ms)
				LogAssemblyErrors (0ms)
				InitializePlatformSupportModulesInManaged (4ms)
				SetLoadedEditorAssemblies (0ms)
				RefreshPlugins (26ms)
				BeforeProcessingInitializeOnLoad (1ms)
				ProcessInitializeOnLoadAttributes (85ms)
				ProcessInitializeOnLoadMethodAttributes (23ms)
				AfterProcessingInitializeOnLoad (0ms)
				EditorAssembliesLoaded (0ms)
			ExecutionOrderSort2 (0ms)
			AwakeInstancesAfterBackupRestoration (0ms)
Platform modules already initialized, skipping
Registering precompiled user dll's ...
Registered in 0.003048 seconds.
Begin MonoManager ReloadAssembly
Native extension for OSXStandalone target not found
Native extension for WebGL target not found
Refreshing native plugins compatible for Editor in 25.55 ms, found 2 plugins.
Preloading 0 native plugins for Editor in 0.00 ms.
Mono: successfully reloaded assembly
- Completed reload, in  0.598 seconds
Domain Reload Profiling:
	ReloadAssembly (598ms)
		BeginReloadAssembly (56ms)
			ExecutionOrderSort (0ms)
			DisableScriptedObjects (3ms)
			BackupInstance (0ms)
			ReleaseScriptingObjects (0ms)
			CreateAndSetChildDomain (15ms)
		EndReloadAssembly (473ms)
			LoadAssemblies (49ms)
			RebuildTransferFunctionScriptingTraits (0ms)
			SetupTypeCache (135ms)
			ReleaseScriptCaches (0ms)
			RebuildScriptCaches (28ms)
			SetupLoadedEditorAssemblies (232ms)
				LogAssemblyErrors (0ms)
				InitializePlatformSupportModulesInManaged (3ms)
				SetLoadedEditorAssemblies (0ms)
				RefreshPlugins (26ms)
				BeforeProcessingInitializeOnLoad (30ms)
				ProcessInitializeOnLoadAttributes (157ms)
				ProcessInitializeOnLoadMethodAttributes (16ms)
				AfterProcessingInitializeOnLoad (1ms)
				EditorAssembliesLoaded (0ms)
			ExecutionOrderSort2 (0ms)
			AwakeInstancesAfterBackupRestoration (2ms)
Platform modules already initialized, skipping
========================================================================
Worker process is ready to serve import requests
Launching external process: /Applications/Unity/Hub/Editor/2021.3.12f1/Unity.app/Contents/Tools/UnityShaderCompiler
Launched and connected shader compiler UnityShaderCompiler after 0.23 seconds
Refreshing native plugins compatible for Editor in 0.26 ms, found 2 plugins.
Preloading 0 native plugins for Editor in 0.00 ms.
Unloading 2055 Unused Serialized files (Serialized files now loaded: 0)
Unloading 22 unused Assets / (46.3 KB). Loaded Objects now: 2529.
Memory consumption went from 186.1 MB to 186.0 MB.
Total: 3.310208 ms (FindLiveObjects: 0.097792 ms CreateObjectMapping: 0.027250 ms MarkObjects: 3.094083 ms  DeleteObjects: 0.090541 ms)

AssetImportParameters requested are different than current active one (requested -> active):
  custom:video-decoder-ogg-theora: a1e56fd34408186e4bbccfd4996cb3dc -> 
  custom:container-muxer-webm: aa71ff27fc2769a1b78a27578f13a17b -> 
  custom:container-demuxer-webm: 4f35f7cbe854078d1ac9338744f61a02 -> 
  custom:video-encoder-webm-vp8: eb34c28f22e8b96e1ab97ce403110664 -> 
  custom:framework-osx-AVFoundation: e770b220cccbd017edd2c1fefb359320 -> 
  custom:audio-encoder-webm-vorbis: bf7c407c2cedff20999df2af8eb42d56 -> 
  custom:container-demuxer-ogg: 62fdf1f143b41e24485cea50d1cbac27 -> 
  custom:video-decoder-webm-vp8: 9c59270c3fd7afecdb556c50c9e8de78 -> 
  custom:audio-decoder-ogg-vorbis: bf7c407c2cedff20999df2af8eb42d56 -> 
========================================================================
Received Import Request.
  Time since last request: 1253373.262008 seconds.
  path: Assets/_Characters/knight/animations/WK_heavy_infantry_05_combat_idle.FBX
  artifactKey: Guid(a9e82453b26b1e346962cadcba80556a) Importer(815301076,1909f56bfc062723c751e8b465ee728b)
Start importing Assets/_Characters/knight/animations/WK_heavy_infantry_05_combat_idle.FBX using Guid(a9e82453b26b1e346962cadcba80556a) Importer(815301076,1909f56bfc062723c751e8b465ee728b)  -> (artifact id: 'f4f0ddf4d3e39635321f247bd149d08c') in 0.836018 seconds 
========================================================================
Received Import Request.
  Time since last request: 0.000076 seconds.
  path: Assets/_Characters/knight/animations/WK_heavy_infantry_08_attack_B.FBX
  artifactKey: Guid(0932505f83189174e9405ca64f635505) Importer(815301076,1909f56bfc062723c751e8b465ee728b)
Start importing Assets/_Characters/knight/animations/WK_heavy_infantry_08_attack_B.FBX using Guid(0932505f83189174e9405ca64f635505) Importer(815301076,1909f56bfc062723c751e8b465ee728b)  -> (artifact id: '533e2a8c00f2750e1d72a9be9f08ccd5') in 0.004171 seconds 
========================================================================
Received Import Request.
  Time since last request: 0.000045 seconds.
  path: Assets/_Characters/knight/animations/WK_heavy_infantry_06_combat_walk.FBX
  artifactKey: Guid(0cbd46aa8abdd9b409d3cfd4265bdd3f) Importer(815301076,1909f56bfc062723c751e8b465ee728b)
Start importing Assets/_Characters/knight/animations/WK_heavy_infantry_06_combat_walk.FBX using Guid(0cbd46aa8abdd9b409d3cfd4265bdd3f) Importer(815301076,1909f56bfc062723c751e8b465ee728b)  -> (artifact id: 'd3502092c637583835d0303d8c3c3c8b') in 0.002654 seconds 
========================================================================
Received Import Request.
  Time since last request: 0.000046 seconds.
  path: Assets/_Characters/knight/animations/WK_heavy_infantry_04_charge.FBX
  artifactKey: Guid(18c683f6167dbf84d91c818fa14a7e14) Importer(815301076,1909f56bfc062723c751e8b465ee728b)
Start importing Assets/_Characters/knight/animations/WK_heavy_infantry_04_charge.FBX using Guid(18c683f6167dbf84d91c818fa14a7e14) Importer(815301076,1909f56bfc062723c751e8b465ee728b)  -> (artifact id: 'b9386a24ffef493458f129ad1d712d6f') in 0.003040 seconds 
========================================================================
Received Import Request.
  Time since last request: 84.072960 seconds.
  path: Assets/_Characters/Robot/Materials/PBR.mat
  artifactKey: Guid(1666fb81395f51e4293b01cca8f58481) Importer(815301076,1909f56bfc062723c751e8b465ee728b)
Start importing Assets/_Characters/Robot/Materials/PBR.mat using Guid(1666fb81395f51e4293b01cca8f58481) Importer(815301076,1909f56bfc062723c751e8b465ee728b)  -> (artifact id: 'cfd512ca1568077ea298751ad913e744') in 0.661598 seconds 
========================================================================
Received Import Request.
  Time since last request: 1.252838 seconds.
  path: Assets/_Characters/Robot/Mesh/Polyart_Mesh.fbx
  artifactKey: Guid(860793eb3324391468f1c120a75ec049) Importer(815301076,1909f56bfc062723c751e8b465ee728b)
Start importing Assets/_Characters/Robot/Mesh/Polyart_Mesh.fbx using Guid(860793eb3324391468f1c120a75ec049) Importer(815301076,1909f56bfc062723c751e8b465ee728b)  -> (artifact id: '0cc563cff9151c7c068f7b1b9d0e90f3') in 0.406088 seconds 
========================================================================
Received Import Request.
  Time since last request: 13.277034 seconds.
  path: Assets/_Characters/Robot/Animations/Die.fbx
  artifactKey: Guid(d406f8f3cbe268f4e9d0234d45cca60c) Importer(815301076,1909f56bfc062723c751e8b465ee728b)
Start importing Assets/_Characters/Robot/Animations/Die.fbx using Guid(d406f8f3cbe268f4e9d0234d45cca60c) Importer(815301076,1909f56bfc062723c751e8b465ee728b)  -> (artifact id: '4579bb4e60f56690f44fe3a894dd7171') in 0.185525 seconds 
========================================================================
Received Import Request.
  Time since last request: 0.001915 seconds.
  path: Assets/_Characters/Robot/Animations/Reload.fbx
  artifactKey: Guid(45b9c258f262e844e8f5316722fc04c6) Importer(815301076,1909f56bfc062723c751e8b465ee728b)
Start importing Assets/_Characters/Robot/Animations/Reload.fbx using Guid(45b9c258f262e844e8f5316722fc04c6) Importer(815301076,1909f56bfc062723c751e8b465ee728b)  -> (artifact id: '50b70748375398b7117b1664d1976eb9') in 0.072988 seconds 
========================================================================
Received Import Request.
  Time since last request: 0.000035 seconds.
  path: Assets/_Characters/Robot/Animations/Idle_gunMiddle_ar.fbx
  artifactKey: Guid(107649059ea401b4e9c5c20f21e99a55) Importer(815301076,1909f56bfc062723c751e8b465ee728b)
Start importing Assets/_Characters/Robot/Animations/Idle_gunMiddle_ar.fbx using Guid(107649059ea401b4e9c5c20f21e99a55) Importer(815301076,1909f56bfc062723c751e8b465ee728b)  -> (artifact id: '663fc8773e6e370d0ec5a8e55ebd82ba') in 0.051912 seconds 
========================================================================
Received Import Request.
  Time since last request: 0.000064 seconds.
  path: Assets/_Characters/Robot/Animations/Run_guard_AR.fbx
  artifactKey: Guid(043a0882d93547c4da0104443de76efb) Importer(815301076,1909f56bfc062723c751e8b465ee728b)
Start importing Assets/_Characters/Robot/Animations/Run_guard_AR.fbx using Guid(043a0882d93547c4da0104443de76efb) Importer(815301076,1909f56bfc062723c751e8b465ee728b)  -> (artifact id: 'b49dffdf1ac50a81c76654ef3d07363b') in 0.051348 seconds 
========================================================================
Received Import Request.
  Time since last request: 0.000038 seconds.
  path: Assets/_Characters/Robot/Animations/Shoot_AutoShot_AR.fbx
  artifactKey: Guid(76a61eccc11250c4da8bd7f1d87fa2fe) Importer(815301076,1909f56bfc062723c751e8b465ee728b)
Start importing Assets/_Characters/Robot/Animations/Shoot_AutoShot_AR.fbx using Guid(76a61eccc11250c4da8bd7f1d87fa2fe) Importer(815301076,1909f56bfc062723c751e8b465ee728b)  -> (artifact id: '885ad771f8e7e9181aa03aede7e43ac4') in 0.049629 seconds 
========================================================================
Received Import Request.
  Time since last request: 0.000037 seconds.
  path: Assets/_Characters/Robot/Animations/Jump.fbx
  artifactKey: Guid(c09541f4236345c4fa4e4745793a59f3) Importer(815301076,1909f56bfc062723c751e8b465ee728b)
Start importing Assets/_Characters/Robot/Animations/Jump.fbx using Guid(c09541f4236345c4fa4e4745793a59f3) Importer(815301076,1909f56bfc062723c751e8b465ee728b)  -> (artifact id: '43510fe3b4995b673c047e043c9dbeee') in 0.061618 seconds 
========================================================================
Received Import Request.
  Time since last request: 0.000048 seconds.
  path: Assets/_Characters/Robot/Animations/Shoot_BurstShot_AR.fbx
  artifactKey: Guid(9e6c2d8b423b3db4ca189e8497d60f1e) Importer(815301076,1909f56bfc062723c751e8b465ee728b)
Start importing Assets/_Characters/Robot/Animations/Shoot_BurstShot_AR.fbx using Guid(9e6c2d8b423b3db4ca189e8497d60f1e) Importer(815301076,1909f56bfc062723c751e8b465ee728b)  -> (artifact id: '054fc6c04e4c8f8dc4b869e57b2c777f') in 0.055140 seconds 
========================================================================
Received Import Request.
  Time since last request: 0.000042 seconds.
  path: Assets/_Characters/Robot/Animations/Idle_Shoot_ar.fbx
  artifactKey: Guid(1d4365e1541bb6949a273318862b72d3) Importer(815301076,1909f56bfc062723c751e8b465ee728b)
Start importing Assets/_Characters/Robot/Animations/Idle_Shoot_ar.fbx using Guid(1d4365e1541bb6949a273318862b72d3) Importer(815301076,1909f56bfc062723c751e8b465ee728b)  -> (artifact id: '9eaccc647adc553a867aca7bb9fcac0d') in 0.051889 seconds 
========================================================================
Received Import Request.
  Time since last request: 1.084713 seconds.
  path: Assets/_Characters/Robot/Textures/PBR_Albedo.png
  artifactKey: Guid(0ca93b28d8c504946904487d0c1d581e) Importer(815301076,1909f56bfc062723c751e8b465ee728b)
Start importing Assets/_Characters/Robot/Textures/PBR_Albedo.png using Guid(0ca93b28d8c504946904487d0c1d581e) Importer(815301076,1909f56bfc062723c751e8b465ee728b)  -> (artifact id: '61d7b1962f4b95299c21b0cabf5e2073') in 0.150434 seconds 
========================================================================
Received Prepare
Registering precompiled user dll's ...
Registered in 0.000716 seconds.
Begin MonoManager ReloadAssembly
Thread 0x177fbb000 may have been prematurely finalized
Native extension for OSXStandalone target not found
Native extension for WebGL target not found
Refreshing native plugins compatible for Editor in 0.28 ms, found 2 plugins.
Preloading 0 native plugins for Editor in 0.00 ms.
Mono: successfully reloaded assembly
- Completed reload, in  0.830 seconds
Domain Reload Profiling:
	ReloadAssembly (836ms)
		BeginReloadAssembly (273ms)
			ExecutionOrderSort (0ms)
			DisableScriptedObjects (20ms)
			BackupInstance (0ms)
			ReleaseScriptingObjects (0ms)
			CreateAndSetChildDomain (129ms)
		EndReloadAssembly (493ms)
			LoadAssemblies (71ms)
			RebuildTransferFunctionScriptingTraits (0ms)
			SetupTypeCache (147ms)
			ReleaseScriptCaches (1ms)
			RebuildScriptCaches (30ms)
			SetupLoadedEditorAssemblies (226ms)
				LogAssemblyErrors (0ms)
				InitializePlatformSupportModulesInManaged (6ms)
				SetLoadedEditorAssemblies (0ms)
				RefreshPlugins (0ms)
				BeforeProcessingInitializeOnLoad (33ms)
				ProcessInitializeOnLoadAttributes (170ms)
				ProcessInitializeOnLoadMethodAttributes (16ms)
				AfterProcessingInitializeOnLoad (1ms)
				EditorAssembliesLoaded (0ms)
			ExecutionOrderSort2 (0ms)
			AwakeInstancesAfterBackupRestoration (3ms)
Platform modules already initialized, skipping
Refreshing native plugins compatible for Editor in 0.80 ms, found 2 plugins.
Preloading 0 native plugins for Editor in 0.00 ms.
Unloading 2035 Unused Serialized files (Serialized files now loaded: 0)
Unloading 13 unused Assets / (21.9 KB). Loaded Objects now: 2579.
Memory consumption went from 218.9 MB to 218.9 MB.
Total: 5.570500 ms (FindLiveObjects: 0.105625 ms CreateObjectMapping: 0.033875 ms MarkObjects: 5.389375 ms  DeleteObjects: 0.040584 ms)

AssetImportParameters requested are different than current active one (requested -> active):
  custom:video-decoder-ogg-theora: a1e56fd34408186e4bbccfd4996cb3dc -> 
  custom:container-muxer-webm: aa71ff27fc2769a1b78a27578f13a17b -> 
  custom:container-demuxer-webm: 4f35f7cbe854078d1ac9338744f61a02 -> 
  custom:video-encoder-webm-vp8: eb34c28f22e8b96e1ab97ce403110664 -> 
  custom:framework-osx-AVFoundation: e770b220cccbd017edd2c1fefb359320 -> 
  custom:audio-encoder-webm-vorbis: bf7c407c2cedff20999df2af8eb42d56 -> 
  custom:container-demuxer-ogg: 62fdf1f143b41e24485cea50d1cbac27 -> 
  custom:video-decoder-webm-vp8: 9c59270c3fd7afecdb556c50c9e8de78 -> 
  custom:audio-decoder-ogg-vorbis: bf7c407c2cedff20999df2af8eb42d56 -> 
========================================================================
Received Import Request.
  Time since last request: 661.921012 seconds.
  path: Assets/_Prefab/crab-monster.prefab
  artifactKey: Guid(14c6b7171e33d9f4ba259d60c2a335f9) Importer(815301076,1909f56bfc062723c751e8b465ee728b)
Start importing Assets/_Prefab/crab-monster.prefab using Guid(14c6b7171e33d9f4ba259d60c2a335f9) Importer(815301076,1909f56bfc062723c751e8b465ee728b)  -> (artifact id: '72276c61261e1cd1723ac6c42d9b309b') in 0.875050 seconds 
========================================================================
Received Import Request.
  Time since last request: 14.772140 seconds.
  path: Assets/_Materials/Ground.mat
  artifactKey: Guid(25ba83a9998ff7946839e95f1b6c62d6) Importer(815301076,1909f56bfc062723c751e8b465ee728b)
Start importing Assets/_Materials/Ground.mat using Guid(25ba83a9998ff7946839e95f1b6c62d6) Importer(815301076,1909f56bfc062723c751e8b465ee728b)  -> (artifact id: 'e35bb61c4d4e59ca13c78c5629d21778') in 0.094254 seconds 
========================================================================
Received Import Request.
  Time since last request: 0.000042 seconds.
  path: Assets/_Materials/Wall.mat
  artifactKey: Guid(04725256fbcc5924887bb33345b26645) Importer(815301076,1909f56bfc062723c751e8b465ee728b)
Start importing Assets/_Materials/Wall.mat using Guid(04725256fbcc5924887bb33345b26645) Importer(815301076,1909f56bfc062723c751e8b465ee728b)  -> (artifact id: '51192172f4b212b71ed7fb307b383897') in 0.005160 seconds 
========================================================================
Received Import Request.
  Time since last request: 0.000037 seconds.
  path: Assets/_Materials/Points.mat
  artifactKey: Guid(6ef168b73212a8947946821227e0328f) Importer(815301076,1909f56bfc062723c751e8b465ee728b)
Start importing Assets/_Materials/Points.mat using Guid(6ef168b73212a8947946821227e0328f) Importer(815301076,1909f56bfc062723c751e8b465ee728b)  -> (artifact id: 'c3423145fda71126604f2b47a07bb49c') in 0.004854 seconds 
========================================================================
Received Import Request.
  Time since last request: 0.000039 seconds.
  path: Assets/_Materials/PointsZom.mat
  artifactKey: Guid(56083770c19be9e4eb71fb622c8cf241) Importer(815301076,1909f56bfc062723c751e8b465ee728b)
Start importing Assets/_Materials/PointsZom.mat using Guid(56083770c19be9e4eb71fb622c8cf241) Importer(815301076,1909f56bfc062723c751e8b465ee728b)  -> (artifact id: '2b21b3fd681b33133d58291bfc917925') in 0.006095 seconds 
========================================================================
Received Import Request.
  Time since last request: 0.000033 seconds.
  path: Assets/_Materials/jump icon.jpg
  artifactKey: Guid(68981e8cbada80840a9ef2619d9fbe08) Importer(815301076,1909f56bfc062723c751e8b465ee728b)
Start importing Assets/_Materials/jump icon.jpg using Guid(68981e8cbada80840a9ef2619d9fbe08) Importer(815301076,1909f56bfc062723c751e8b465ee728b)  -> (artifact id: 'acd11f680123fa79fcf4cc5e5494e2fb') in 0.710635 seconds 
========================================================================
Received Import Request.
  Time since last request: 0.000050 seconds.
  path: Assets/_Materials/PickUp.mat
  artifactKey: Guid(c908494a97cf41f4889eaedb1551a078) Importer(815301076,1909f56bfc062723c751e8b465ee728b)
Start importing Assets/_Materials/PickUp.mat using Guid(c908494a97cf41f4889eaedb1551a078) Importer(815301076,1909f56bfc062723c751e8b465ee728b)  -> (artifact id: '161d6859f1b29ea42876164ecdfef1b8') in 0.010087 seconds 
========================================================================
Received Import Request.
  Time since last request: 0.005714 seconds.
  path: Assets/_Materials/lavaFloor.jpg
  artifactKey: Guid(7b9ce370ec3f09842ac7eee4d99d538e) Importer(815301076,1909f56bfc062723c751e8b465ee728b)
Start importing Assets/_Materials/lavaFloor.jpg using Guid(7b9ce370ec3f09842ac7eee4d99d538e) Importer(815301076,1909f56bfc062723c751e8b465ee728b)  -> (artifact id: 'f655a03ea976443ecc27b78c31d26f7d') in 0.011650 seconds 
========================================================================
Received Import Request.
  Time since last request: 0.000063 seconds.
  path: Assets/_Materials/Transparent.mat
  artifactKey: Guid(bb9e9d527d1e1564cb7f97884dae5260) Importer(815301076,1909f56bfc062723c751e8b465ee728b)
Start importing Assets/_Materials/Transparent.mat using Guid(bb9e9d527d1e1564cb7f97884dae5260) Importer(815301076,1909f56bfc062723c751e8b465ee728b)  -> (artifact id: 'fcaf70c5544eb5b69a84e0e103d59c33') in 0.378364 seconds 
========================================================================
Received Import Request.
  Time since last request: 350.133685 seconds.
  path: Assets/_Characters/Soldier/Characters/Sci-fi Soldier/Sci-Fi_Soldier.prefab
  artifactKey: Guid(398da42bc4f6f6e44852a9f96c6c4e41) Importer(815301076,1909f56bfc062723c751e8b465ee728b)
Start importing Assets/_Characters/Soldier/Characters/Sci-fi Soldier/Sci-Fi_Soldier.prefab using Guid(398da42bc4f6f6e44852a9f96c6c4e41) Importer(815301076,1909f56bfc062723c751e8b465ee728b)  -> (artifact id: '9e0ea87d6985da68e73195498f8cb728') in 0.496072 seconds 
========================================================================
Received Import Request.
  Time since last request: 32.746728 seconds.
  path: Assets/_Characters/Zombie/Prefabs/Zombie2.prefab
  artifactKey: Guid(d58be77cba3adf54cb14b15052b86514) Importer(815301076,1909f56bfc062723c751e8b465ee728b)
Start importing Assets/_Characters/Zombie/Prefabs/Zombie2.prefab using Guid(d58be77cba3adf54cb14b15052b86514) Importer(815301076,1909f56bfc062723c751e8b465ee728b)  -> (artifact id: '8f48c4b2ef6534e77b58b771c144b5d9') in 0.148479 seconds 
========================================================================
Received Import Request.
  Time since last request: 9.373880 seconds.
  path: Assets/_Characters/Zombie/Textures/Zombie_ao.png
  artifactKey: Guid(4ef3438267568cd40b87841c3e2c22c5) Importer(815301076,1909f56bfc062723c751e8b465ee728b)
Start importing Assets/_Characters/Zombie/Textures/Zombie_ao.png using Guid(4ef3438267568cd40b87841c3e2c22c5) Importer(815301076,1909f56bfc062723c751e8b465ee728b)  -> (artifact id: '22070323450de5726085ff34721915ef') in 0.073502 seconds 
========================================================================
Received Import Request.
  Time since last request: 0.000063 seconds.
  path: Assets/_Characters/Zombie/Textures/Zombie_nm.png
  artifactKey: Guid(decb53c07686cc94b860f8e04d438d22) Importer(815301076,1909f56bfc062723c751e8b465ee728b)
Start importing Assets/_Characters/Zombie/Textures/Zombie_nm.png using Guid(decb53c07686cc94b860f8e04d438d22) Importer(815301076,1909f56bfc062723c751e8b465ee728b)  -> (artifact id: '3ef66dba1f5dd7a669d636b5bb2d8118') in 0.067358 seconds 
========================================================================
Received Import Request.
  Time since last request: 0.000031 seconds.
  path: Assets/_Characters/Zombie/Textures/Zombie_metallic.tga
  artifactKey: Guid(33de7c829c3a0224c8975ad93b61b05e) Importer(815301076,1909f56bfc062723c751e8b465ee728b)
Start importing Assets/_Characters/Zombie/Textures/Zombie_metallic.tga using Guid(33de7c829c3a0224c8975ad93b61b05e) Importer(815301076,1909f56bfc062723c751e8b465ee728b)  -> (artifact id: '67c13069c8d25156b164cf33a80e3bac') in 0.839134 seconds 
========================================================================
Received Import Request.
  Time since last request: 0.000036 seconds.
  path: Assets/_Characters/Zombie/Textures/zombie_emission.tga
  artifactKey: Guid(d681134af7b3e50479d8d90effa0e1eb) Importer(815301076,1909f56bfc062723c751e8b465ee728b)
Start importing Assets/_Characters/Zombie/Textures/zombie_emission.tga using Guid(d681134af7b3e50479d8d90effa0e1eb) Importer(815301076,1909f56bfc062723c751e8b465ee728b)  -> (artifact id: 'c04de3aca6a9bcd95d6d1821115c3ecc') in 0.004424 seconds 
========================================================================
Received Import Request.
  Time since last request: 0.175667 seconds.
  path: Assets/_Characters/Zombie/Materials/Zombie.mat
  artifactKey: Guid(9fdb5531bdf185e448dd06dfa8192f8d) Importer(815301076,1909f56bfc062723c751e8b465ee728b)
Start importing Assets/_Characters/Zombie/Materials/Zombie.mat using Guid(9fdb5531bdf185e448dd06dfa8192f8d) Importer(815301076,1909f56bfc062723c751e8b465ee728b)  -> (artifact id: 'da9f1c9d21b433392b6e64a5f5ece19f') in 0.022465 seconds 
========================================================================
Received Import Request.
  Time since last request: 0.746851 seconds.
  path: Assets/_Characters/Zombie/FBXs/Zombie2.FBX
  artifactKey: Guid(6a28a82791e0b224081a04d42d031ccf) Importer(815301076,1909f56bfc062723c751e8b465ee728b)
Start importing Assets/_Characters/Zombie/FBXs/Zombie2.FBX using Guid(6a28a82791e0b224081a04d42d031ccf) Importer(815301076,1909f56bfc062723c751e8b465ee728b)  -> (artifact id: '5410429d69cc156b52f31526f8ff73fa') in 0.121733 seconds 
========================================================================
Received Import Request.
  Time since last request: 0.000046 seconds.
  path: Assets/_Characters/Zombie/FBXs/Zombie3.FBX
  artifactKey: Guid(a1b4b8144e2a4054199287da62cdd0da) Importer(815301076,1909f56bfc062723c751e8b465ee728b)
Start importing Assets/_Characters/Zombie/FBXs/Zombie3.FBX using Guid(a1b4b8144e2a4054199287da62cdd0da) Importer(815301076,1909f56bfc062723c751e8b465ee728b)  -> (artifact id: '415042ded33eceaabffc47900375df26') in 0.024315 seconds 
========================================================================
Received Import Request.
  Time since last request: 0.736500 seconds.
  path: Assets/_Characters/Zombie/Animations/Zombie@Z_FallingBack.FBX
  artifactKey: Guid(857241dcf6bb2ea45a0b3f46d78f44b5) Importer(815301076,1909f56bfc062723c751e8b465ee728b)
Start importing Assets/_Characters/Zombie/Animations/Zombie@Z_FallingBack.FBX using Guid(857241dcf6bb2ea45a0b3f46d78f44b5) Importer(815301076,1909f56bfc062723c751e8b465ee728b)  -> (artifact id: 'ed1eb226d88c21188f3c1cc3f2dcaf22') in 0.027154 seconds 
========================================================================
Received Import Request.
  Time since last request: 0.000047 seconds.
  path: Assets/_Characters/Zombie/Animations/Zombie@Z_Walk1.FBX
  artifactKey: Guid(1d31b4476a14a0246b2e0f023e8877fe) Importer(815301076,1909f56bfc062723c751e8b465ee728b)
Start importing Assets/_Characters/Zombie/Animations/Zombie@Z_Walk1.FBX using Guid(1d31b4476a14a0246b2e0f023e8877fe) Importer(815301076,1909f56bfc062723c751e8b465ee728b)  -> (artifact id: '50f9ebb4b98baa7863d7c09f81ee6927') in 0.096609 seconds 
========================================================================
Received Import Request.
  Time since last request: 0.000046 seconds.
  path: Assets/_Characters/Zombie/Animations/Zombie@Z_Run.FBX
  artifactKey: Guid(55edd2c9d257d3f4481dfd16015bf8c1) Importer(815301076,1909f56bfc062723c751e8b465ee728b)
Start importing Assets/_Characters/Zombie/Animations/Zombie@Z_Run.FBX using Guid(55edd2c9d257d3f4481dfd16015bf8c1) Importer(815301076,1909f56bfc062723c751e8b465ee728b)  -> (artifact id: 'd7a08f22b67bd90fd24da055df793466') in 0.108537 seconds 
========================================================================
Received Import Request.
  Time since last request: 0.000028 seconds.
  path: Assets/_Characters/Zombie/Animations/Zombie@Z_Idle.FBX
  artifactKey: Guid(0d6373858f853604b960cf84b7d3dfbf) Importer(815301076,1909f56bfc062723c751e8b465ee728b)
Start importing Assets/_Characters/Zombie/Animations/Zombie@Z_Idle.FBX using Guid(0d6373858f853604b960cf84b7d3dfbf) Importer(815301076,1909f56bfc062723c751e8b465ee728b)  -> (artifact id: '914bec6564a975ce026a589b601200dc') in 0.074824 seconds 
========================================================================
Received Import Request.
  Time since last request: 0.000045 seconds.
  path: Assets/_Characters/Zombie/Animations/Zombie@Z_Run_InPlace.FBX
  artifactKey: Guid(79969b20b5ba62e499ee433a4dd38701) Importer(815301076,1909f56bfc062723c751e8b465ee728b)
Start importing Assets/_Characters/Zombie/Animations/Zombie@Z_Run_InPlace.FBX using Guid(79969b20b5ba62e499ee433a4dd38701) Importer(815301076,1909f56bfc062723c751e8b465ee728b)  -> (artifact id: 'd1e845cbdb6f3490ac916bf3edcb5e11') in 0.071546 seconds 
